[info] device=cuda amp=True (NVIDIA GeForce RTX 4060 Laptop GPU)
[info] dataset_lgg/train: 1294 samples
[info] dataset_lgg/val: 291 samples
[info] dataset_lgg/test: 300 samples
[info] dataset_brats/train: 19631 samples
[info] dataset_brats/val: 4113 samples
[info] dataset_brats/test: 4151 samples
[info] total train=20925 val=4404 test=4451
[info] model: Unet + resnet34 (pretrained=imagenet) - 24,436,369 params
E:\Neuro-Lens-AI-main\Neuro-Lens-AI-main\src\train_segmentation_v2.py:356: UserWarning: Converting a tensor with requires_grad=True to a scalar may lead to unexpected behavior.
Consider using tensor.detach() first. (Triggered internally at C:\actions-runner\_work\pytorch\pytorch\pytorch\torch\csrc\autograd\generated\python_variable_methods.cpp:837.)
  running_loss += float(loss)
[epoch 01/50] train_loss=0.3457  val_dice=0.7303  val_iou=0.6565  val_bce=0.0257  lr=1.00e-04  (1001.4s)
        -> new best val_dice=0.7303; weights saved to segmentation_artifacts\attention_unet_v3\best_model.pt
[epoch 02/50] train_loss=0.2462  val_dice=0.7155  val_iou=0.6398  val_bce=0.0258  lr=2.00e-04  (581.0s)
[epoch 03/50] train_loss=0.2422  val_dice=0.7149  val_iou=0.6394  val_bce=0.0260  lr=3.00e-04  (777.7s)
[info] device=cuda amp=True (NVIDIA GeForce RTX 4060 Laptop GPU)
[info] GPU telemetry logging to segmentation_artifacts\attention_unet_v3\gpu_telemetry.csv every 30s
[info] dataset_lgg/train: 1294 samples
[info] dataset_lgg/val: 291 samples
[info] dataset_lgg/test: 300 samples
[info] dataset_brats/train: 19631 samples
[info] dataset_brats/val: 4113 samples
[info] dataset_brats/test: 4151 samples
[info] total train=20925 val=4404 test=4451
[info] model: Unet + resnet34 (pretrained=imagenet) - 24,436,369 params
[info] Resumed from segmentation_artifacts\attention_unet_v3\last.pt at epoch 3 (best_val_dice=0.7303)
E:\Neuro-Lens-AI-main\Neuro-Lens-AI-main\src\train_segmentation_v2.py:404: UserWarning: Converting a tensor with requires_grad=True to a scalar may lead to unexpected behavior.
Consider using tensor.detach() first. (Triggered internally at C:\actions-runner\_work\pytorch\pytorch\pytorch\torch\csrc\autograd\generated\python_variable_methods.cpp:837.)
  running_loss += float(loss)
[epoch 04/50] train_loss=0.2355  val_dice=0.7575  val_iou=0.6830  val_bce=0.0231  lr=3.00e-04  (539.2s)
        -> new best val_dice=0.7575; weights saved to segmentation_artifacts\attention_unet_v3\best_model.pt
[epoch 05/50] train_loss=0.2322  val_dice=0.7518  val_iou=0.6765  val_bce=0.0234  lr=2.99e-04  (230.9s)
[epoch 06/50] train_loss=0.2283  val_dice=0.7240  val_iou=0.6513  val_bce=0.0236  lr=2.97e-04  (230.4s)
[epoch 07/50] train_loss=0.2271  val_dice=0.7385  val_iou=0.6668  val_bce=0.0216  lr=2.95e-04  (224.4s)
[epoch 08/50] train_loss=0.2744  val_dice=0.5424  val_iou=0.4424  val_bce=0.0774  lr=2.92e-04  (227.1s)
[epoch 09/50] train_loss=0.3693  val_dice=0.5408  val_iou=0.4463  val_bce=0.1058  lr=2.88e-04  (226.3s)
[info] device=cuda amp=True (NVIDIA GeForce RTX 4060 Laptop GPU)
[info] GPU telemetry logging to segmentation_artifacts\attention_unet_v3\gpu_telemetry.csv every 30s
[info] dataset_lgg/train: 1294 samples
[info] dataset_lgg/val: 291 samples
[info] dataset_lgg/test: 300 samples
[info] dataset_brats/train: 19631 samples
[info] dataset_brats/val: 4113 samples
[info] dataset_brats/test: 4151 samples
[info] total train=20925 val=4404 test=4451
[info] model: Unet + resnet34 (pretrained=imagenet) - 24,436,369 params
[info] Resumed from segmentation_artifacts\attention_unet_v3\last.pt at epoch 9 (best_val_dice=0.7575)
E:\Neuro-Lens-AI-main\Neuro-Lens-AI-main\src\train_segmentation_v2.py:412: UserWarning: Converting a tensor with requires_grad=True to a scalar may lead to unexpected behavior.
Consider using tensor.detach() first. (Triggered internally at C:\actions-runner\_work\pytorch\pytorch\pytorch\torch\csrc\autograd\generated\python_variable_methods.cpp:837.)
  running_loss += float(loss)
[epoch 10/50] train_loss=0.4400  val_dice=0.3848  val_iou=0.2938  val_bce=0.3106  lr=2.84e-04  (210.1s)
[epoch 11/50] train_loss=0.7110  val_dice=0.1930  val_iou=0.1314  val_bce=1.1360  lr=2.79e-04  (207.4s)
[info] device=cuda amp=True (NVIDIA GeForce RTX 4060 Laptop GPU)
[info] GPU telemetry logging to segmentation_artifacts\attention_unet_v3\gpu_telemetry.csv every 30s
[info] dataset_lgg/train: 1294 samples
[info] dataset_lgg/val: 291 samples
[info] dataset_lgg/test: 300 samples
[info] dataset_brats/train: 19631 samples
[info] dataset_brats/val: 4113 samples
[info] dataset_brats/test: 4151 samples
[info] total train=20925 val=4404 test=4451
[info] model: Unet + resnet34 (pretrained=imagenet) - 24,436,369 params
[info] Resumed from segmentation_artifacts\attention_unet_v3\last.pt at epoch 4 (best_val_dice=0.7575)
E:\Neuro-Lens-AI-main\Neuro-Lens-AI-main\src\train_segmentation_v2.py:412: UserWarning: Converting a tensor with requires_grad=True to a scalar may lead to unexpected behavior.
Consider using tensor.detach() first. (Triggered internally at C:\actions-runner\_work\pytorch\pytorch\pytorch\torch\csrc\autograd\generated\python_variable_methods.cpp:837.)
  running_loss += float(loss)
[epoch 05/50] train_loss=0.2249  val_dice=0.7306  val_iou=0.6528  val_bce=0.0257  lr=3.00e-04  (201.4s)
[epoch 06/50] train_loss=0.2202  val_dice=0.7444  val_iou=0.6754  val_bce=0.0231  lr=2.99e-04  (202.7s)
[epoch 07/50] train_loss=0.2151  val_dice=0.7181  val_iou=0.6463  val_bce=0.0238  lr=2.97e-04  (220.9s)
[epoch 08/50] train_loss=nan  val_dice=0.1897  val_iou=0.1897  val_bce=nan  lr=2.95e-04  (251.9s)
[info] device=cuda amp=True (NVIDIA GeForce RTX 4060 Laptop GPU)
[info] GPU telemetry logging to segmentation_artifacts\attention_unet_v3\gpu_telemetry.csv every 30s
[info] dataset_lgg/train: 1294 samples
[info] dataset_lgg/val: 291 samples
[info] dataset_lgg/test: 300 samples
[info] dataset_brats/train: 19631 samples
[info] dataset_brats/val: 4113 samples
[info] dataset_brats/test: 4151 samples
[info] total train=20925 val=4404 test=4451
[info] model: Unet + resnet34 (pretrained=imagenet) - 24,436,369 params
[info] Resumed from segmentation_artifacts\attention_unet_v3\last.pt at epoch 4 (best_val_dice=0.7575)
E:\Neuro-Lens-AI-main\Neuro-Lens-AI-main\src\train_segmentation_v2.py:426: UserWarning: Converting a tensor with requires_grad=True to a scalar may lead to unexpected behavior.
Consider using tensor.detach() first. (Triggered internally at C:\actions-runner\_work\pytorch\pytorch\pytorch\torch\csrc\autograd\generated\python_variable_methods.cpp:837.)
  running_loss += float(loss)
[epoch 05/50] train_loss=0.1750  val_dice=0.7566  val_iou=0.6854  val_bce=0.0197  lr=9.99e-05  (201.0s)
[epoch 06/50] train_loss=0.1716  val_dice=0.7683  val_iou=0.6994  val_bce=0.0186  lr=9.96e-05  (202.1s)
        -> new best val_dice=0.7683; weights saved to segmentation_artifacts\attention_unet_v3\best_model.pt
[nan_guard] step skipped (grad_norm not finite)
[epoch 07/50] train_loss=0.1694  val_dice=0.7508  val_iou=0.6810  val_bce=0.0192  lr=9.90e-05  (203.5s)
[nan_guard] step skipped (grad_norm not finite)
[nan_guard] step skipped (grad_norm not finite)
[epoch 08/50] train_loss=0.1669  val_dice=0.7848  val_iou=0.7174  val_bce=0.0169  lr=9.82e-05  (199.2s)
        -> new best val_dice=0.7848; weights saved to segmentation_artifacts\attention_unet_v3\best_model.pt
[nan_guard] step skipped (grad_norm not finite)
[epoch 09/50] train_loss=0.1667  val_dice=0.7422  val_iou=0.6738  val_bce=0.0195  lr=9.73e-05  (207.2s)
[nan_guard] step skipped (grad_norm not finite)
[nan_guard] step skipped (grad_norm not finite)
[nan_guard] step skipped (grad_norm not finite)
[nan_guard] step skipped (grad_norm not finite)
[nan_guard] step skipped (grad_norm not finite)
[nan_guard] step skipped (grad_norm not finite)
[nan_guard] step skipped (grad_norm not finite)
[nan_guard] step skipped (grad_norm not finite)
[nan_guard] step skipped (grad_norm not finite)
[nan_guard] step skipped (grad_norm not finite)
[nan_guard] step skipped (grad_norm not finite)
[nan_guard] step skipped (grad_norm not finite)
[nan_guard] step skipped (grad_norm not finite)
[nan_guard] step skipped (grad_norm not finite)
[nan_guard] step skipped (grad_norm not finite)
[nan_guard] step skipped (grad_norm not finite)
[nan_guard] step skipped (grad_norm not finite)
[epoch 10/50] train_loss=0.1538  val_dice=0.7654  val_iou=0.6978  val_bce=0.0182  lr=9.61e-05  (209.4s)
[nan_guard] step skipped (grad_norm not finite)
[nan_guard] step skipped (grad_norm not finite)
[epoch 11/50] train_loss=0.1454  val_dice=0.7432  val_iou=0.6721  val_bce=0.0205  lr=9.47e-05  (209.0s)
[nan_guard] step skipped (grad_norm not finite)
[epoch 12/50] train_loss=0.1438  val_dice=0.7664  val_iou=0.6983  val_bce=0.0185  lr=9.31e-05  (208.4s)
[nan_guard] step skipped (grad_norm not finite)
[epoch 13/50] train_loss=0.1199  val_dice=0.8211  val_iou=0.7539  val_bce=0.0214  lr=9.13e-05  (208.7s)
        -> new best val_dice=0.8211; weights saved to segmentation_artifacts\attention_unet_v3\best_model.pt
[nan_guard] step skipped (grad_norm not finite)
[nan_guard] step skipped (grad_norm not finite)
[epoch 14/50] train_loss=0.0999  val_dice=0.8296  val_iou=0.7640  val_bce=0.0228  lr=8.93e-05  (209.1s)
        -> new best val_dice=0.8296; weights saved to segmentation_artifacts\attention_unet_v3\best_model.pt
[nan_guard] step skipped (grad_norm not finite)
[epoch 15/50] train_loss=0.0964  val_dice=0.8183  val_iou=0.7500  val_bce=0.0208  lr=8.72e-05  (209.2s)
[nan_guard] step skipped (grad_norm not finite)
[epoch 16/50] train_loss=0.0946  val_dice=0.8183  val_iou=0.7501  val_bce=0.0262  lr=8.49e-05  (209.0s)
[nan_guard] step skipped (grad_norm not finite)
[epoch 17/50] train_loss=0.0929  val_dice=0.8252  val_iou=0.7575  val_bce=0.0214  lr=8.25e-05  (209.2s)
[nan_guard] step skipped (grad_norm not finite)
[nan_guard] step skipped (grad_norm not finite)
[nan_guard] step skipped (grad_norm not finite)
[epoch 18/50] train_loss=0.0917  val_dice=0.8168  val_iou=0.7474  val_bce=0.0222  lr=7.99e-05  (210.0s)
[nan_guard] step skipped (grad_norm not finite)
[epoch 19/50] train_loss=0.0908  val_dice=0.8290  val_iou=0.7621  val_bce=0.0199  lr=7.71e-05  (208.6s)
[nan_guard] step skipped (grad_norm not finite)
[epoch 20/50] train_loss=0.0900  val_dice=0.8270  val_iou=0.7591  val_bce=0.0214  lr=7.43e-05  (209.3s)
[epoch 21/50] train_loss=0.0868  val_dice=0.8299  val_iou=0.7608  val_bce=0.0229  lr=7.13e-05  (211.1s)
        -> new best val_dice=0.8299; weights saved to segmentation_artifacts\attention_unet_v3\best_model.pt
[nan_guard] step skipped (grad_norm not finite)
[epoch 22/50] train_loss=0.0879  val_dice=0.8215  val_iou=0.7534  val_bce=0.0221  lr=6.83e-05  (214.9s)
[nan_guard] step skipped (grad_norm not finite)
[nan_guard] step skipped (grad_norm not finite)
[epoch 23/50] train_loss=0.0857  val_dice=0.8372  val_iou=0.7719  val_bce=0.0205  lr=6.52e-05  (212.1s)
        -> new best val_dice=0.8372; weights saved to segmentation_artifacts\attention_unet_v3\best_model.pt
[nan_guard] step skipped (grad_norm not finite)
[epoch 24/50] train_loss=0.0824  val_dice=0.8353  val_iou=0.7684  val_bce=0.0198  lr=6.20e-05  (212.5s)
[nan_guard] step skipped (grad_norm not finite)
[epoch 25/50] train_loss=0.0819  val_dice=0.8359  val_iou=0.7687  val_bce=0.0217  lr=5.87e-05  (213.4s)
[epoch 26/50] train_loss=0.0817  val_dice=0.8352  val_iou=0.7677  val_bce=0.0226  lr=5.55e-05  (210.9s)
[nan_guard] step skipped (grad_norm not finite)
[epoch 27/50] train_loss=0.0786  val_dice=0.8393  val_iou=0.7722  val_bce=0.0204  lr=5.22e-05  (211.4s)
        -> new best val_dice=0.8393; weights saved to segmentation_artifacts\attention_unet_v3\best_model.pt
[nan_guard] step skipped (grad_norm not finite)
[epoch 28/50] train_loss=0.0822  val_dice=0.8337  val_iou=0.7659  val_bce=0.0192  lr=4.88e-05  (211.5s)
[nan_guard] step skipped (grad_norm not finite)
[nan_guard] step skipped (grad_norm not finite)
[epoch 29/50] train_loss=0.0806  val_dice=0.8147  val_iou=0.7467  val_bce=0.0207  lr=4.55e-05  (211.9s)
[nan_guard] step skipped (grad_norm not finite)
[nan_guard] step skipped (grad_norm not finite)
[epoch 30/50] train_loss=0.0788  val_dice=0.8380  val_iou=0.7741  val_bce=0.0191  lr=4.23e-05  (214.1s)
[nan_guard] step skipped (grad_norm not finite)
[epoch 31/50] train_loss=0.0771  val_dice=0.8297  val_iou=0.7617  val_bce=0.0202  lr=3.90e-05  (206.0s)
[nan_guard] step skipped (grad_norm not finite)
[epoch 32/50] train_loss=0.0743  val_dice=0.8409  val_iou=0.7755  val_bce=0.0207  lr=3.58e-05  (213.0s)
        -> new best val_dice=0.8409; weights saved to segmentation_artifacts\attention_unet_v3\best_model.pt
[nan_guard] step skipped (grad_norm not finite)
[epoch 33/50] train_loss=0.0746  val_dice=0.8416  val_iou=0.7756  val_bce=0.0189  lr=3.27e-05  (213.0s)
        -> new best val_dice=0.8416; weights saved to segmentation_artifacts\attention_unet_v3\best_model.pt
[nan_guard] step skipped (grad_norm not finite)
[epoch 34/50] train_loss=0.0753  val_dice=0.8278  val_iou=0.7606  val_bce=0.0195  lr=2.97e-05  (212.6s)
[epoch 35/50] train_loss=0.0748  val_dice=0.8437  val_iou=0.7781  val_bce=0.0196  lr=2.67e-05  (213.3s)
        -> new best val_dice=0.8437; weights saved to segmentation_artifacts\attention_unet_v3\best_model.pt
[nan_guard] step skipped (grad_norm not finite)
[epoch 36/50] train_loss=0.0723  val_dice=0.8435  val_iou=0.7783  val_bce=0.0204  lr=2.39e-05  (213.4s)
[nan_guard] step skipped (grad_norm not finite)
[epoch 37/50] train_loss=0.0718  val_dice=0.8410  val_iou=0.7752  val_bce=0.0197  lr=2.11e-05  (212.9s)
[nan_guard] step skipped (grad_norm not finite)
[nan_guard] step skipped (grad_norm not finite)
[epoch 38/50] train_loss=0.0720  val_dice=0.8424  val_iou=0.7764  val_bce=0.0204  lr=1.85e-05  (213.0s)
[nan_guard] step skipped (grad_norm not finite)
[nan_guard] step skipped (grad_norm not finite)
[epoch 39/50] train_loss=0.0718  val_dice=0.8375  val_iou=0.7713  val_bce=0.0195  lr=1.61e-05  (212.5s)
[nan_guard] step skipped (grad_norm not finite)
[epoch 40/50] train_loss=0.0719  val_dice=0.8345  val_iou=0.7681  val_bce=0.0212  lr=1.38e-05  (211.9s)
[nan_guard] step skipped (grad_norm not finite)
[epoch 41/50] train_loss=0.0701  val_dice=0.8450  val_iou=0.7800  val_bce=0.0196  lr=1.17e-05  (213.5s)
        -> new best val_dice=0.8450; weights saved to segmentation_artifacts\attention_unet_v3\best_model.pt
[nan_guard] step skipped (grad_norm not finite)
[epoch 42/50] train_loss=0.0692  val_dice=0.8406  val_iou=0.7744  val_bce=0.0207  lr=9.69e-06  (213.0s)
[epoch 43/50] train_loss=0.0699  val_dice=0.8404  val_iou=0.7740  val_bce=0.0214  lr=7.91e-06  (213.7s)
[nan_guard] step skipped (grad_norm not finite)
[nan_guard] step skipped (grad_norm not finite)
[epoch 44/50] train_loss=0.0696  val_dice=0.8424  val_iou=0.7762  val_bce=0.0204  lr=6.32e-06  (213.0s)
[nan_guard] step skipped (grad_norm not finite)
[epoch 45/50] train_loss=0.0697  val_dice=0.8392  val_iou=0.7731  val_bce=0.0213  lr=4.93e-06  (212.8s)
[nan_guard] step skipped (grad_norm not finite)
[epoch 46/50] train_loss=0.0689  val_dice=0.8405  val_iou=0.7743  val_bce=0.0212  lr=3.74e-06  (212.6s)
[nan_guard] step skipped (grad_norm not finite)
[epoch 47/50] train_loss=0.0682  val_dice=0.8414  val_iou=0.7749  val_bce=0.0205  lr=2.76e-06  (212.6s)
[nan_guard] step skipped (grad_norm not finite)
[epoch 48/50] train_loss=0.0682  val_dice=0.8408  val_iou=0.7747  val_bce=0.0210  lr=1.99e-06  (212.3s)
[nan_guard] step skipped (grad_norm not finite)
[epoch 49/50] train_loss=0.0681  val_dice=0.8393  val_iou=0.7731  val_bce=0.0212  lr=1.44e-06  (211.4s)
[epoch 50/50] train_loss=0.0681  val_dice=0.8413  val_iou=0.7755  val_bce=0.0206  lr=1.11e-06  (210.5s)
[info] Final evaluation:
{
  "val": {
    "split": "val",
    "dice": 0.8449882409901012,
    "iou": 0.780036243601183,
    "pixel_accuracy": 0.9958773143927545,
    "bce_loss": 0.01959477613708566,
    "positive_voxels_true": 3773777,
    "positive_voxels_pred": 3604660,
    "micro_dice": 0.9092405342757551,
    "micro_iou": 0.8335848212621613
  },
  "test": {
    "split": "test",
    "dice": 0.8356128127065827,
    "iou": 0.7706399378152304,
    "pixel_accuracy": 0.9958632701817278,
    "bce_loss": 0.02036112207618184,
    "positive_voxels_true": 3640019,
    "positive_voxels_pred": 3589392,
    "micro_dice": 0.9060054823276751,
    "micro_iou": 0.828162726313628
  },
  "test_dataset_lgg_test": {
    "split": "dataset_lgg/test",
    "dice": 0.7706639635327616,
    "iou": 0.7036554843775535,
    "pixel_accuracy": 0.9939756346376318,
    "bce_loss": 0.031566028231999985,
    "positive_voxels_true": 222672,
    "positive_voxels_pred": 231331,
    "micro_dice": 0.8517036231038121,
    "micro_iou": 0.7417106247482401
  },
  "test_dataset_brats_test": {
    "split": "dataset_brats/test",
    "dice": 0.8400390599731449,
    "iou": 0.7751743056964896,
    "pixel_accuracy": 0.9960002629283765,
    "bce_loss": 0.019545042514533414,
    "positive_voxels_true": 3417347,
    "positive_voxels_pred": 3358061,
    "micro_dice": 0.9096441129449326,
    "micro_iou": 0.8342634948317493
  }
}
[done] Best val Dice = 0.8450
